# JRE version: Java(TM) SE Runtime Environment (17.0.8+9) (build 17.0.8+9-LTS-211)
# Java VM: Java HotSpot(TM) 64-Bit Server VM (17.0.8+9-LTS-211, mixed mode, emulated-client, sharing, tiered, compressed oops, compressed class ptrs, g1 gc, linux-amd64)
GC Precious Log:
 CPUs: 16 total, 8 available
 Memory: 6857M
 Large Page Support: Disabled
 NUMA Support: Disabled
 Compressed Oops: Enabled (32-bit)
 Heap Region Size: 1M
 Heap Min Capacity: 8M
 Heap Initial Capacity: 108M
 Heap Max Capacity: 1716M
 Pre-touch: Disabled
 Parallel Workers: 8
 Concurrent Workers: 2
 Concurrent Refinement Workers: 8
 Periodic GC: Disabled
Heap:
 garbage-first heap   total 92160K, used 25703K [0x0000000094c00000, 0x0000000100000000)
  region size 1024K, 1 young (1024K), 0 survivors (0K)
 Metaspace       used 61330K, committed 61952K, reserved 1114112K
  class space    used 9083K, committed 9344K, reserved 1048576K
GC Heap History (20 events):
Event: 2.631 GC heap before
{Heap before GC invocations=7 (full 0):
 garbage-first heap   total 55296K, used 38699K [0x0000000094c00000, 0x0000000100000000)
  region size 1024K, 24 young (24576K), 4 survivors (4096K)
 Metaspace       used 31890K, committed 32320K, reserved 1114112K
  class space    used 4534K, committed 4736K, reserved 1048576K
}
Event: 2.636 GC heap after
{Heap after GC invocations=8 (full 0):
 garbage-first heap   total 66560K, used 20397K [0x0000000094c00000, 0x0000000100000000)
  region size 1024K, 2 young (2048K), 2 survivors (2048K)
 Metaspace       used 31890K, committed 32320K, reserved 1114112K
  class space    used 4534K, committed 4736K, reserved 1048576K
}
Event: 2.836 GC heap before
{Heap before GC invocations=8 (full 0):
 garbage-first heap   total 66560K, used 33709K [0x0000000094c00000, 0x0000000100000000)
  region size 1024K, 17 young (17408K), 2 survivors (2048K)
 Metaspace       used 35540K, committed 35968K, reserved 1114112K
  class space    used 5124K, committed 5312K, reserved 1048576K
}
Event: 2.839 GC heap after
{Heap after GC invocations=9 (full 0):
 garbage-first heap   total 66560K, used 21046K [0x0000000094c00000, 0x0000000100000000)
  region size 1024K, 2 young (2048K), 2 survivors (2048K)
 Metaspace       used 35540K, committed 35968K, reserved 1114112K
  class space    used 5124K, committed 5312K, reserved 1048576K
}
Event: 3.248 GC heap before
{Heap before GC invocations=10 (full 0):
 garbage-first heap   total 66560K, used 48694K [0x0000000094c00000, 0x0000000100000000)
  region size 1024K, 30 young (30720K), 2 survivors (2048K)
 Metaspace       used 42748K, committed 43264K, reserved 1114112K
  class space    used 6115K, committed 6336K, reserved 1048576K
}
Event: 3.251 GC heap after
{Heap after GC invocations=11 (full 0):
 garbage-first heap   total 66560K, used 23045K [0x0000000094c00000, 0x0000000100000000)
  region size 1024K, 4 young (4096K), 4 survivors (4096K)
 Metaspace       used 42748K, committed 43264K, reserved 1114112K
  class space    used 6115K, committed 6336K, reserved 1048576K
}
Event: 3.263 GC heap before
{Heap before GC invocations=11 (full 0):
 garbage-first heap   total 66560K, used 23045K [0x0000000094c00000, 0x0000000100000000)
  region size 1024K, 5 young (5120K), 4 survivors (4096K)
 Metaspace       used 42976K, committed 43456K, reserved 1114112K
  class space    used 6152K, committed 6400K, reserved 1048576K
}
Event: 3.267 GC heap after
{Heap after GC invocations=12 (full 0):
 garbage-first heap   total 66560K, used 23261K [0x0000000094c00000, 0x0000000100000000)
  region size 1024K, 1 young (1024K), 1 survivors (1024K)
 Metaspace       used 42976K, committed 43456K, reserved 1114112K
  class space    used 6152K, committed 6400K, reserved 1048576K
}
Event: 3.633 GC heap before
{Heap before GC invocations=12 (full 0):
 garbage-first heap   total 66560K, used 49885K [0x0000000094c00000, 0x0000000100000000)
  region size 1024K, 27 young (27648K), 1 survivors (1024K)
 Metaspace       used 49232K, committed 49728K, reserved 1114112K
  class space    used 7239K, committed 7488K, reserved 1048576K
}
Event: 3.637 GC heap after
{Heap after GC invocations=13 (full 0):
 garbage-first heap   total 66560K, used 24036K [0x0000000094c00000, 0x0000000100000000)
  region size 1024K, 2 young (2048K), 2 survivors (2048K)
 Metaspace       used 49232K, committed 49728K, reserved 1114112K
  class space    used 7239K, committed 7488K, reserved 1048576K
}
Event: 4.136 GC heap before
{Heap before GC invocations=14 (full 0):
 garbage-first heap   total 66560K, used 49636K [0x0000000094c00000, 0x0000000100000000)
  region size 1024K, 28 young (28672K), 2 survivors (2048K)
 Metaspace       used 52916K, committed 53440K, reserved 1114112K
  class space    used 7796K, committed 8064K, reserved 1048576K
}
Event: 4.140 GC heap after
{Heap after GC invocations=15 (full 0):
 garbage-first heap   total 66560K, used 25585K [0x0000000094c00000, 0x0000000100000000)
  region size 1024K, 3 young (3072K), 3 survivors (3072K)
 Metaspace       used 52916K, committed 53440K, reserved 1114112K
  class space    used 7796K, committed 8064K, reserved 1048576K
}
Event: 4.411 GC heap before
{Heap before GC invocations=15 (full 0):
 garbage-first heap   total 66560K, used 50161K [0x0000000094c00000, 0x0000000100000000)
  region size 1024K, 28 young (28672K), 3 survivors (3072K)
 Metaspace       used 55763K, committed 56320K, reserved 1114112K
  class space    used 8218K, committed 8448K, reserved 1048576K
}
Event: 4.415 GC heap after
{Heap after GC invocations=16 (full 0):
 garbage-first heap   total 66560K, used 26916K [0x0000000094c00000, 0x0000000100000000)
  region size 1024K, 3 young (3072K), 3 survivors (3072K)
 Metaspace       used 55763K, committed 56320K, reserved 1114112K
  class space    used 8218K, committed 8448K, reserved 1048576K
}
Event: 4.530 GC heap before
{Heap before GC invocations=16 (full 0):
 garbage-first heap   total 66560K, used 51492K [0x0000000094c00000, 0x0000000100000000)
  region size 1024K, 27 young (27648K), 3 survivors (3072K)
 Metaspace       used 56009K, committed 56576K, reserved 1114112K
  class space    used 8244K, committed 8512K, reserved 1048576K
}
Event: 4.534 GC heap after
{Heap after GC invocations=17 (full 0):
 garbage-first heap   total 66560K, used 27708K [0x0000000094c00000, 0x0000000100000000)
  region size 1024K, 3 young (3072K), 3 survivors (3072K)
 Metaspace       used 56009K, committed 56576K, reserved 1114112K
  class space    used 8244K, committed 8512K, reserved 1048576K
}
Event: 4.753 GC heap before
{Heap before GC invocations=17 (full 0):
 garbage-first heap   total 66560K, used 52284K [0x0000000094c00000, 0x0000000100000000)
  region size 1024K, 27 young (27648K), 3 survivors (3072K)
 Metaspace       used 57596K, committed 58112K, reserved 1114112K
  class space    used 8481K, committed 8704K, reserved 1048576K
}
Event: 4.757 GC heap after
{Heap after GC invocations=18 (full 0):
 garbage-first heap   total 120832K, used 28914K [0x0000000094c00000, 0x0000000100000000)
  region size 1024K, 4 young (4096K), 4 survivors (4096K)
 Metaspace       used 57596K, committed 58112K, reserved 1114112K
  class space    used 8481K, committed 8704K, reserved 1048576K
}
Event: 47.039 GC heap before
{Heap before GC invocations=18 (full 0):
 garbage-first heap   total 120832K, used 84210K [0x0000000094c00000, 0x0000000100000000)
  region size 1024K, 59 young (60416K), 4 survivors (4096K)
 Metaspace       used 61338K, committed 61952K, reserved 1114112K
  class space    used 9083K, committed 9344K, reserved 1048576K
}
Event: 47.117 GC heap after
{Heap after GC invocations=19 (full 1):
 garbage-first heap   total 92160K, used 25703K [0x0000000094c00000, 0x0000000100000000)
  region size 1024K, 0 young (0K), 0 survivors (0K)
 Metaspace       used 61325K, committed 61952K, reserved 1114112K
  class space    used 9081K, committed 9344K, reserved 1048576K
}

